This is pdfTeX, Version 3.14159265-2.6-1.40.20 (TeX Live 2019/W32TeX) (preloaded format=pdflatex 2020.3.19)  5 JUN 2020 15:27
entering extended mode
 restricted \write18 enabled.
 %&-line parsing enabled.
**aula_10_exercicios.tex
(./aula_10_exercicios.tex
LaTeX2e <2020-02-02> patch level 5
L3 programming layer <2020-02-25>
(c:/Users/beatr/AppData/Roaming/TinyTeX/texmf-dist/tex/latex/base/article.cls
Document Class: article 2019/12/20 v1.4l Standard LaTeX document class
(c:/Users/beatr/AppData/Roaming/TinyTeX/texmf-dist/tex/latex/base/size10.clo
File: size10.clo 2019/12/20 v1.4l Standard LaTeX file (size option)
)
\c@part=\count167
\c@section=\count168
\c@subsection=\count169
\c@subsubsection=\count170
\c@paragraph=\count171
\c@subparagraph=\count172
\c@figure=\count173
\c@table=\count174
\abovecaptionskip=\skip47
\belowcaptionskip=\skip48
\bibindent=\dimen134
)
(c:/Users/beatr/AppData/Roaming/TinyTeX/texmf-dist/tex/latex/graphics/graphicx.
sty
Package: graphicx 2019/11/30 v1.2a Enhanced LaTeX Graphics (DPC,SPQR)

(c:/Users/beatr/AppData/Roaming/TinyTeX/texmf-dist/tex/latex/graphics/keyval.st
y
Package: keyval 2014/10/28 v1.15 key=value parser (DPC)
\KV@toks@=\toks15
)
(c:/Users/beatr/AppData/Roaming/TinyTeX/texmf-dist/tex/latex/graphics/graphics.
sty
Package: graphics 2019/11/30 v1.4a Standard LaTeX Graphics (DPC,SPQR)

(c:/Users/beatr/AppData/Roaming/TinyTeX/texmf-dist/tex/latex/graphics/trig.sty
Package: trig 2016/01/03 v1.10 sin cos tan (DPC)
)
(c:/Users/beatr/AppData/Roaming/TinyTeX/texmf-dist/tex/latex/graphics-cfg/graph
ics.cfg
File: graphics.cfg 2016/06/04 v1.11 sample graphics configuration
)
Package graphics Info: Driver file: pdftex.def on input line 105.

(c:/Users/beatr/AppData/Roaming/TinyTeX/texmf-dist/tex/latex/graphics-def/pdfte
x.def
File: pdftex.def 2018/01/08 v1.0l Graphics/color driver for pdftex
))
\Gin@req@height=\dimen135
\Gin@req@width=\dimen136
)
(c:/Users/beatr/AppData/Roaming/TinyTeX/texmf-dist/tex/latex/graphics/color.sty
Package: color 2019/11/23 v1.2a Standard LaTeX Color (DPC)

(c:/Users/beatr/AppData/Roaming/TinyTeX/texmf-dist/tex/latex/graphics-cfg/color
.cfg
File: color.cfg 2016/01/02 v1.6 sample color configuration
)
Package color Info: Driver file: pdftex.def on input line 147.
)
(c:/Users/beatr/AppData/Roaming/TinyTeX/texmf-dist/tex/latex/framed/framed.sty
Package: framed 2011/10/22 v 0.96: framed or shaded text with page breaks
\OuterFrameSep=\skip49
\fb@frw=\dimen137
\fb@frh=\dimen138
\FrameRule=\dimen139
\FrameSep=\dimen140
) (c:/Users/beatr/AppData/Roaming/TinyTeX/texmf-dist/tex/latex/base/alltt.sty
Package: alltt 1997/06/16 v2.0g defines alltt environment
)
(c:/Users/beatr/AppData/Roaming/TinyTeX/texmf-dist/tex/latex/upquote/upquote.st
y
Package: upquote 2012/04/19 v1.3 upright-quote and grave-accent glyphs in verba
tim
)
(c:/Users/beatr/AppData/Roaming/TinyTeX/texmf-dist/tex/latex/l3backend/l3backen
d-pdfmode.def
File: l3backend-pdfmode.def 2020-02-23 L3 backend support: PDF mode
\l__kernel_color_stack_int=\count175
\l__pdf_internal_box=\box45
) (./aula_10_exercicios.aux)
\openout1 = `aula_10_exercicios.aux'.

LaTeX Font Info:    Checking defaults for OML/cmm/m/it on input line 53.
LaTeX Font Info:    ... okay on input line 53.
LaTeX Font Info:    Checking defaults for OMS/cmsy/m/n on input line 53.
LaTeX Font Info:    ... okay on input line 53.
LaTeX Font Info:    Checking defaults for OT1/cmr/m/n on input line 53.
LaTeX Font Info:    ... okay on input line 53.
LaTeX Font Info:    Checking defaults for T1/cmr/m/n on input line 53.
LaTeX Font Info:    ... okay on input line 53.
LaTeX Font Info:    Checking defaults for TS1/cmr/m/n on input line 53.
LaTeX Font Info:    ... okay on input line 53.
LaTeX Font Info:    Checking defaults for OMX/cmex/m/n on input line 53.
LaTeX Font Info:    ... okay on input line 53.
LaTeX Font Info:    Checking defaults for U/cmr/m/n on input line 53.
LaTeX Font Info:    ... okay on input line 53.

(c:/Users/beatr/AppData/Roaming/TinyTeX/texmf-dist/tex/latex/epstopdf-pkg/epsto
pdf-base.sty
Package: epstopdf-base 2020-01-24 v2.11 Base part for package epstopdf
Package epstopdf-base Info: Redefining graphics rule for `.eps' on input line 4
85.

(c:/Users/beatr/AppData/Roaming/TinyTeX/texmf-dist/tex/latex/latexconfig/epstop
df-sys.cfg
File: epstopdf-sys.cfg 2010/07/13 v1.3 Configuration of (r)epstopdf for TeX Liv
e
))
Underfull \hbox (badness 10000) in paragraph at lines 58--59

 []


Overfull \hbox (30.69339pt too wide) in paragraph at lines 60--61
[]\OT1/cmr/m/n/10 Meu nome ^^Se \OT1/cmr/bx/n/10 Beat-riz Milz\OT1/cmr/m/n/10 ,
 at-ual-mente eu fa^^Xco \OT1/cmtt/m/n/10 doutorado \OT1/cmr/m/n/10 no \OT1/cmr
/m/it/10 PRO-CAM/IEE/USP\OT1/cmr/m/n/10 .
 []


Underfull \hbox (badness 10000) in paragraph at lines 60--61

 []


Underfull \hbox (badness 10000) in paragraph at lines 60--61

 []

LaTeX Font Info:    External font `cmex10' loaded for size
(Font)              <7> on input line 82.
LaTeX Font Info:    External font `cmex10' loaded for size
(Font)              <5> on input line 82.
Package color Info: Redefining color shadecolor on input line 87.
LaTeX Font Info:    Font shape `OT1/cmtt/bx/n' in size <10> not available
(Font)              Font shape `OT1/cmtt/m/n' tried instead on input line 89.

Overfull \hbox (1.49698pt too wide) in paragraph at lines 98--98
[]               []\OT1/cmtt/m/n/10 caption[] []=[] []"Precipita^^Xc~ao acumula
da por m^es (inches)"[][] 
 []

Package color Info: Redefining color shadecolor on input line 145.
LaTeX Font Info:    Trying to load font information for TS1+cmtt on input line 
154.
(c:/Users/beatr/AppData/Roaming/TinyTeX/texmf-dist/tex/latex/base/ts1cmtt.fd
File: ts1cmtt.fd 2019/12/16 v2.5j Standard LaTeX font definitions
)
[1

{c:/Users/beatr/AppData/Roaming/TinyTeX/texmf-var/fonts/map/pdftex/updmap/pdfte
x.map}]
<figure/unnamed-chunk-2-1.pdf, id=14, 505.89pt x 361.35pt>
File: figure/unnamed-chunk-2-1.pdf Graphic file (type pdf)
<use figure/unnamed-chunk-2-1.pdf>
Package pdftex.def Info: figure/unnamed-chunk-2-1.pdf  used on input line 158.
(pdftex.def)             Requested size: 345.0pt x 246.43153pt.

Overfull \hbox (15.0pt too wide) in paragraph at lines 158--159
[][] 
 []

[2 <./figure/unnamed-chunk-2-1.pdf>]
Package color Info: Redefining color shadecolor on input line 182.
<figure/unnamed-chunk-3-1.pdf, id=24, 505.89pt x 361.35pt>
File: figure/unnamed-chunk-3-1.pdf Graphic file (type pdf)
<use figure/unnamed-chunk-3-1.pdf>
Package pdftex.def Info: figure/unnamed-chunk-3-1.pdf  used on input line 195.
(pdftex.def)             Requested size: 345.0pt x 246.43153pt.

Overfull \hbox (15.0pt too wide) in paragraph at lines 195--196
[][] 
 []

[3] [4 <./figure/unnamed-chunk-3-1.pdf>] (./aula_10_exercicios.aux) ) 
Here is how much of TeX's memory you used:
 1031 strings out of 482897
 16927 string characters out of 5956756
 251354 words of memory out of 5000000
 16333 multiletter control sequences out of 15000+600000
 534397 words of font info for 31 fonts, out of 8000000 for 9000
 14 hyphenation exceptions out of 8191
 30i,9n,25p,261b,291s stack positions out of 5000i,500n,10000p,200000b,80000s
 <c:/Users
/beatr/Documents/.TinyTeX/texmf-var/fonts/pk/ljfour/jknappen/ec/tctt1000.600pk>
 <c:/Users/beatr/Documents/.TinyTeX/texmf-var/fonts/pk/ljfour/jknappen/ec/tcrm1
000.600pk><c:/Users/beatr/AppData/Roaming/TinyTeX/texmf-dist/fonts/type1/public
/amsfonts/cm/cmbx10.pfb><c:/Users/beatr/AppData/Roaming/TinyTeX/texmf-dist/font
s/type1/public/amsfonts/cm/cmbx12.pfb><c:/Users/beatr/AppData/Roaming/TinyTeX/t
exmf-dist/fonts/type1/public/amsfonts/cm/cmmi10.pfb><c:/Users/beatr/AppData/Roa
ming/TinyTeX/texmf-dist/fonts/type1/public/amsfonts/cm/cmr10.pfb><c:/Users/beat
r/AppData/Roaming/TinyTeX/texmf-dist/fonts/type1/public/amsfonts/cm/cmr7.pfb><c
:/Users/beatr/AppData/Roaming/TinyTeX/texmf-dist/fonts/type1/public/amsfonts/cm
/cmti10.pfb><c:/Users/beatr/AppData/Roaming/TinyTeX/texmf-dist/fonts/type1/publ
ic/amsfonts/cm/cmtt10.pfb>
Output written on aula_10_exercicios.pdf (4 pages, 102526 bytes).
PDF statistics:
 67 PDF objects out of 1000 (max. 8388607)
 47 compressed objects within 1 object stream
 0 named destinations out of 1000 (max. 500000)
 11 words of extra memory for PDF output out of 10000 (max. 10000000)

